<?xml version="1.0" encoding="UTF-8"?>
<testng-results ignored="0" total="1" passed="1" failed="0" skipped="0">
  <reporter-output>
  </reporter-output>
  <suite started-at="2022-08-20T16:04:49 IST" name="Default suite" finished-at="2022-08-20T16:04:50 IST" duration-ms="1039">
    <groups>
    </groups>
    <test started-at="2022-08-20T16:04:49 IST" name="Default test" finished-at="2022-08-20T16:04:50 IST" duration-ms="1039">
      <class name="test.TestClass">
        <test-method signature="test()[pri:0, instance:test.TestClass@740773a3]" started-at="2022-08-20T16:04:49 IST" name="test" finished-at="2022-08-20T16:04:50 IST" duration-ms="1017" status="PASS">
          <reporter-output>
          </reporter-output>
        </test-method> <!-- test -->
      </class> <!-- test.TestClass -->
    </test> <!-- Default test -->
  </suite> <!-- Default suite -->
</testng-results>
